#! /usr/share/iverilog-0.9.7/bin/vvp
:ivl_version "0.9.7 " "(v0_9_6)";
:vpi_time_precision - 12;
:vpi_module "system";
:vpi_module "v2005_math";
:vpi_module "va_math";
S_0x1775db0 .scope module, "tb" "tb" 2 4;
 .timescale -9 -12;
v0x17bcbf0_0 .var "clk", 0 0;
v0x17bcc90_0 .net "green_led", 0 0, v0x17bc590_0; 1 drivers
v0x17bcd40_0 .var "password", 3 0;
v0x17bcdf0_0 .net "red_led", 0 0, v0x17bc8a0_0; 1 drivers
v0x17bced0_0 .var "rst", 0 0;
v0x17bcf80_0 .var "sensor_entrance", 0 0;
v0x17bd000_0 .var "sensor_exit", 0 0;
S_0x17a1540 .scope module, "cp" "Car_Parking" 2 9, 3 3, S_0x1775db0;
 .timescale -9 -12;
P_0x17a1638 .param/l "IDLE" 3 8, C4<000>;
P_0x17a1660 .param/l "RIGHT_PASS" 3 10, C4<010>;
P_0x17a1688 .param/l "STOP" 3 12, C4<100>;
P_0x17a16b0 .param/l "WAIT_PASSWORD" 3 9, C4<001>;
P_0x17a16d8 .param/l "WRONG_PASS" 3 11, C4<011>;
P_0x17a1700 .param/l "default_password" 3 16, C4<1111>;
v0x1797ed0_0 .net "clk", 0 0, v0x17bcbf0_0; 1 drivers
v0x17bc300_0 .var "counter_led", 4 0;
v0x17bc3a0_0 .var "counter_stop", 4 0;
v0x17bc440_0 .var "counter_wait", 4 0;
v0x17bc4f0_0 .var "counter_wrong", 4 0;
v0x17bc590_0 .var "green_led", 0 0;
v0x17bc670_0 .var "next_state", 2 0;
v0x17bc710_0 .net "password", 3 0, v0x17bcd40_0; 1 drivers
v0x17bc800_0 .var "present_state", 2 0;
v0x17bc8a0_0 .var "red_led", 0 0;
v0x17bc9a0_0 .net "rst", 0 0, v0x17bced0_0; 1 drivers
v0x17bca40_0 .net "sensor_entrance", 0 0, v0x17bcf80_0; 1 drivers
v0x17bcb50_0 .net "sensor_exit", 0 0, v0x17bd000_0; 1 drivers
E_0x178ca60 .event edge, v0x17bc800_0, v0x17bcb50_0, v0x17bc300_0;
E_0x1775600/0 .event edge, v0x17bc800_0, v0x17bca40_0, v0x17bc710_0, v0x17bc440_0;
E_0x1775600/1 .event edge, v0x17bcb50_0, v0x17bc4f0_0, v0x17bc3a0_0;
E_0x1775600 .event/or E_0x1775600/0, E_0x1775600/1;
E_0x17a4e90/0 .event negedge, v0x17bc9a0_0;
E_0x17a4e90/1 .event posedge, v0x1797ed0_0;
E_0x17a4e90 .event/or E_0x17a4e90/0, E_0x17a4e90/1;
    .scope S_0x17a1540;
T_0 ;
    %vpi_call 3 20 "$dumpfile", "dump.vcd";
    %vpi_call 3 21 "$dumpvars", 2'sb01, S_0x17a1540;
    %end;
    .thread T_0;
    .scope S_0x17a1540;
T_1 ;
    %wait E_0x17a4e90;
    %load/v 8, v0x17bc9a0_0, 1;
    %inv 8, 1;
    %jmp/0xz  T_1.0, 8;
    %set/v v0x17bc800_0, 0, 3;
    %set/v v0x17bc590_0, 0, 1;
    %set/v v0x17bc8a0_0, 1, 1;
    %jmp T_1.1;
T_1.0 ;
    %load/v 8, v0x17bc670_0, 3;
    %set/v v0x17bc800_0, 8, 3;
T_1.1 ;
    %jmp T_1;
    .thread T_1;
    .scope S_0x17a1540;
T_2 ;
    %wait E_0x17a4e90;
    %load/v 8, v0x17bc9a0_0, 1;
    %inv 8, 1;
    %jmp/0xz  T_2.0, 8;
    %set/v v0x17bc440_0, 0, 5;
    %set/v v0x17bc4f0_0, 0, 5;
    %set/v v0x17bc3a0_0, 0, 5;
    %set/v v0x17bc300_0, 0, 5;
    %jmp T_2.1;
T_2.0 ;
    %load/v 8, v0x17bc800_0, 3;
    %cmpi/u 8, 1, 3;
    %jmp/0xz  T_2.2, 4;
    %load/v 8, v0x17bc440_0, 5;
    %mov 13, 0, 27;
    %addi 8, 1, 32;
    %set/v v0x17bc440_0, 8, 5;
    %set/v v0x17bc4f0_0, 0, 5;
    %set/v v0x17bc3a0_0, 0, 5;
    %jmp T_2.3;
T_2.2 ;
    %load/v 8, v0x17bc800_0, 3;
    %cmpi/u 8, 3, 3;
    %jmp/0xz  T_2.4, 4;
    %set/v v0x17bc440_0, 0, 5;
    %load/v 8, v0x17bc4f0_0, 5;
    %mov 13, 0, 27;
    %addi 8, 1, 32;
    %set/v v0x17bc4f0_0, 8, 5;
    %set/v v0x17bc3a0_0, 0, 5;
    %jmp T_2.5;
T_2.4 ;
    %load/v 8, v0x17bc800_0, 3;
    %cmpi/u 8, 4, 3;
    %jmp/0xz  T_2.6, 4;
    %set/v v0x17bc440_0, 0, 5;
    %set/v v0x17bc4f0_0, 0, 5;
    %load/v 8, v0x17bc3a0_0, 5;
    %mov 13, 0, 27;
    %addi 8, 1, 32;
    %set/v v0x17bc3a0_0, 8, 5;
    %jmp T_2.7;
T_2.6 ;
    %set/v v0x17bc440_0, 0, 5;
    %set/v v0x17bc4f0_0, 0, 5;
    %set/v v0x17bc3a0_0, 0, 5;
T_2.7 ;
T_2.5 ;
T_2.3 ;
T_2.1 ;
    %load/v 8, v0x17bc590_0, 1;
    %mov 9, 0, 2;
    %cmpi/u 8, 1, 3;
    %jmp/0xz  T_2.8, 4;
    %load/v 8, v0x17bc300_0, 5;
    %mov 13, 0, 27;
    %addi 8, 1, 32;
    %set/v v0x17bc300_0, 8, 5;
    %jmp T_2.9;
T_2.8 ;
    %set/v v0x17bc300_0, 0, 5;
T_2.9 ;
    %jmp T_2;
    .thread T_2;
    .scope S_0x17a1540;
T_3 ;
    %wait E_0x1775600;
    %load/v 8, v0x17bc800_0, 3;
    %cmpi/u 8, 0, 3;
    %jmp/1 T_3.0, 6;
    %cmpi/u 8, 1, 3;
    %jmp/1 T_3.1, 6;
    %cmpi/u 8, 2, 3;
    %jmp/1 T_3.2, 6;
    %cmpi/u 8, 3, 3;
    %jmp/1 T_3.3, 6;
    %cmpi/u 8, 4, 3;
    %jmp/1 T_3.4, 6;
    %set/v v0x17bc670_0, 0, 3;
    %jmp T_3.6;
T_3.0 ;
    %load/v 8, v0x17bca40_0, 1;
    %jmp/0xz  T_3.7, 8;
    %movi 8, 1, 3;
    %set/v v0x17bc670_0, 8, 3;
    %jmp T_3.8;
T_3.7 ;
    %load/v 8, v0x17bc800_0, 3;
    %set/v v0x17bc670_0, 8, 3;
T_3.8 ;
    %jmp T_3.6;
T_3.1 ;
    %load/v 8, v0x17bc710_0, 4;
    %cmpi/u 8, 15, 4;
    %jmp/0xz  T_3.9, 4;
    %movi 8, 2, 3;
    %set/v v0x17bc670_0, 8, 3;
    %jmp T_3.10;
T_3.9 ;
    %movi 8, 10, 6;
    %load/v 14, v0x17bc440_0, 5;
    %mov 19, 0, 1;
    %cmp/u 8, 14, 6;
    %or 5, 4, 1;
    %jmp/0xz  T_3.11, 5;
    %set/v v0x17bc670_0, 0, 3;
    %jmp T_3.12;
T_3.11 ;
    %load/v 8, v0x17bc710_0, 4;
    %cmpi/u 8, 15, 4;
    %inv 4, 1;
    %jmp/0xz  T_3.13, 4;
    %movi 8, 3, 3;
    %set/v v0x17bc670_0, 8, 3;
    %jmp T_3.14;
T_3.13 ;
    %load/v 8, v0x17bc800_0, 3;
    %set/v v0x17bc670_0, 8, 3;
T_3.14 ;
T_3.12 ;
T_3.10 ;
    %jmp T_3.6;
T_3.2 ;
    %load/v 8, v0x17bcb50_0, 1;
    %load/v 9, v0x17bca40_0, 1;
    %and 8, 9, 1;
    %jmp/0xz  T_3.15, 8;
    %movi 8, 4, 3;
    %set/v v0x17bc670_0, 8, 3;
    %jmp T_3.16;
T_3.15 ;
    %load/v 8, v0x17bcb50_0, 1;
    %jmp/0xz  T_3.17, 8;
    %set/v v0x17bc670_0, 0, 3;
    %jmp T_3.18;
T_3.17 ;
    %load/v 8, v0x17bc800_0, 3;
    %set/v v0x17bc670_0, 8, 3;
T_3.18 ;
T_3.16 ;
    %jmp T_3.6;
T_3.3 ;
    %load/v 8, v0x17bc710_0, 4;
    %cmpi/u 8, 15, 4;
    %inv 4, 1;
    %jmp/0xz  T_3.19, 4;
    %load/v 8, v0x17bc800_0, 3;
    %set/v v0x17bc670_0, 8, 3;
    %jmp T_3.20;
T_3.19 ;
    %load/v 8, v0x17bc710_0, 4;
    %cmpi/u 8, 15, 4;
    %jmp/0xz  T_3.21, 4;
    %movi 8, 2, 3;
    %set/v v0x17bc670_0, 8, 3;
    %jmp T_3.22;
T_3.21 ;
    %movi 8, 10, 6;
    %load/v 14, v0x17bc4f0_0, 5;
    %mov 19, 0, 1;
    %cmp/u 8, 14, 6;
    %or 5, 4, 1;
    %jmp/0xz  T_3.23, 5;
    %set/v v0x17bc670_0, 0, 3;
T_3.23 ;
T_3.22 ;
T_3.20 ;
    %jmp T_3.6;
T_3.4 ;
    %load/v 8, v0x17bc710_0, 4;
    %cmpi/u 8, 15, 4;
    %inv 4, 1;
    %jmp/0xz  T_3.25, 4;
    %load/v 8, v0x17bc800_0, 3;
    %set/v v0x17bc670_0, 8, 3;
    %jmp T_3.26;
T_3.25 ;
    %load/v 8, v0x17bc710_0, 4;
    %cmpi/u 8, 15, 4;
    %jmp/0xz  T_3.27, 4;
    %movi 8, 2, 3;
    %set/v v0x17bc670_0, 8, 3;
    %jmp T_3.28;
T_3.27 ;
    %movi 8, 10, 6;
    %load/v 14, v0x17bc3a0_0, 5;
    %mov 19, 0, 1;
    %cmp/u 8, 14, 6;
    %or 5, 4, 1;
    %jmp/0xz  T_3.29, 5;
    %set/v v0x17bc670_0, 0, 3;
T_3.29 ;
T_3.28 ;
T_3.26 ;
    %jmp T_3.6;
T_3.6 ;
    %jmp T_3;
    .thread T_3, $push;
    .scope S_0x17a1540;
T_4 ;
    %wait E_0x178ca60;
    %load/v 8, v0x17bc800_0, 3;
    %cmpi/u 8, 2, 3;
    %mov 8, 4, 1;
    %load/v 9, v0x17bcb50_0, 1;
    %and 8, 9, 1;
    %jmp/0xz  T_4.0, 8;
    %set/v v0x17bc590_0, 1, 1;
    %set/v v0x17bc8a0_0, 0, 1;
    %jmp T_4.1;
T_4.0 ;
    %movi 8, 10, 6;
    %load/v 14, v0x17bc300_0, 5;
    %mov 19, 0, 1;
    %cmp/u 8, 14, 6;
    %or 5, 4, 1;
    %jmp/0xz  T_4.2, 5;
    %set/v v0x17bc590_0, 0, 1;
    %set/v v0x17bc8a0_0, 1, 1;
T_4.2 ;
T_4.1 ;
    %jmp T_4;
    .thread T_4, $push;
    .scope S_0x1775db0;
T_5 ;
    %delay 5000, 0;
    %load/v 8, v0x17bcbf0_0, 1;
    %inv 8, 1;
    %set/v v0x17bcbf0_0, 8, 1;
    %jmp T_5;
    .thread T_5;
    .scope S_0x1775db0;
T_6 ;
    %vpi_call 2 19 "$monitor", "Time = %0t clk = %0d sensor_entrance = %0d sensor_exit = %0d rst = %0d password = %0d green_led = %0d red_led = %0d", $time, v0x17bcbf0_0, v0x17bcf80_0, v0x17bd000_0, v0x17bced0_0, v0x17bcd40_0, v0x17bcc90_0, v0x17bcdf0_0;
    %set/v v0x17bcbf0_0, 0, 1;
    %set/v v0x17bced0_0, 1, 1;
    %delay 20000, 0;
    %set/v v0x17bced0_0, 0, 1;
    %delay 20000, 0;
    %set/v v0x17bced0_0, 1, 1;
    %set/v v0x17bcf80_0, 1, 1;
    %delay 200000, 0;
    %set/v v0x17bcf80_0, 1, 1;
    %delay 20000, 0;
    %set/v v0x17bcf80_0, 0, 1;
    %set/v v0x17bcd40_0, 0, 4;
    %delay 50000, 0;
    %set/v v0x17bcd40_0, 1, 4;
    %delay 20000, 0;
    %set/v v0x17bcd40_0, 0, 4;
    %delay 20000, 0;
    %set/v v0x17bcf80_0, 1, 1;
    %set/v v0x17bd000_0, 1, 1;
    %delay 20000, 0;
    %set/v v0x17bcd40_0, 1, 4;
    %set/v v0x17bcf80_0, 0, 1;
    %set/v v0x17bd000_0, 0, 1;
    %delay 20000, 0;
    %set/v v0x17bd000_0, 1, 1;
    %delay 100000, 0;
    %vpi_call 2 58 "$finish";
    %end;
    .thread T_6;
# The file index is used to find the file name in the following table.
:file_names 4;
    "N/A";
    "<interactive>";
    "testbench.sv";
    "design.sv";
